----
type=AVC msg=audit(09/03/2025 08:12:17.282:1238) : avc:  denied  { entrypoint } for  pid=11287 comm=runcon path=/usr/bin/valgrind dev="vda1" ino=8513454 scontext=system_u:system_r:NetworkManager_t:s0 tcontext=system_u:object_r:bin_t:s0 tclass=file
type=AVC msg=audit(09/03/2025 08:12:17.284:1239) : avc:  denied  { execmem } for  pid=11287 comm=memcheck-amd64- scontext=system_u:system_r:NetworkManager_t:s0 tcontext=system_u:system_r:NetworkManager_t:s0 tclass=process
----
type=AVC msg=audit(09/03/2025 08:12:17.339:1240) : avc:  denied  { create } for  pid=11287 comm=memcheck-amd64- name=vgdb-pipe-to-vgdb-from-11287-by-root-on-localhost scontext=system_u:system_r:NetworkManager_t:s0 tcontext=system_u:object_r:tmp_t:s0 tclass=fifo_file
type=AVC msg=audit(09/03/2025 08:12:17.339:1241) : avc:  denied  { read } for  pid=11287 comm=memcheck-amd64- name=vgdb-pipe-from-vgdb-to-11287-by-root-on-localhost dev="vda1" ino=8835586 scontext=system_u:system_r:NetworkManager_t:s0 tcontext=system_u:object_r:tmp_t:s0 tclass=fifo_file
type=AVC msg=audit(09/03/2025 08:12:17.339:1242) : avc:  denied  { open } for  pid=11287 comm=memcheck-amd64- path=/tmp/vgdb-pipe-from-vgdb-to-11287-by-root-on-localhost dev="vda1" ino=8835586 scontext=system_u:system_r:NetworkManager_t:s0 tcontext=system_u:object_r:tmp_t:s0 tclass=fifo_file
type=AVC msg=audit(09/03/2025 08:12:23.328:1245) : avc:  denied  { write } for  pid=11287 comm=memcheck-amd64- name=vgdb-pipe-to-vgdb-from-11287-by-root-on-localhost dev="vda1" ino=8834495 scontext=system_u:system_r:NetworkManager_t:s0 tcontext=system_u:object_r:tmp_t:s0 tclass=fifo_file
type=AVC msg=audit(09/03/2025 09:13:07.225:32751) : avc:  denied  { unlink } for  pid=123789 comm=memcheck-amd64- name=vgdb-pipe-from-vgdb-to-123789-by-root-on-localhost dev="vda1" ino=8735552 scontext=system_u:system_r:NetworkManager_t:s0 tcontext=system_u:object_r:tmp_t:s0 tclass=fifo_file
----
type=AVC msg=audit(09/04/2025 05:57:29.253:28510) : avc:  denied  { create } for  pid=79588 comm=massif-amd64-li name=massif.1111803003 scontext=system_u:system_r:NetworkManager_t:s0 tcontext=system_u:object_r:admin_home_t:s0 tclass=file
type=AVC msg=audit(09/04/2025 05:54:55.448:20493) : avc:  denied  { open } for  pid=79588 comm=massif-amd64-li path=/root/NM-ci/.tmp/snap.79588 dev="vda1" ino=4449618 scontext=system_u:system_r:NetworkManager_t:s0 tcontext=unconfined_u:object_r:admin_home_t:s0 tclass=file
type=AVC msg=audit(09/04/2025 05:54:55.448:20492) : avc:  denied  { write } for  pid=79588 comm=massif-amd64-li name=snap.79588 dev="vda1" ino=4449618 scontext=system_u:system_r:NetworkManager_t:s0 tcontext=unconfined_u:object_r:admin_home_t:s0 tclass=file
type=AVC msg=audit(09/04/2025 05:55:28.458:22499) : avc:  denied  { open } for  pid=79588 comm=massif-amd64-li path=/root/NM-ci/.tmp/snap.79588 dev="vda1" ino=4449618 scontext=system_u:system_r:NetworkManager_t:s0 tcontext=unconfined_u:object_r:admin_home_t:s0 tclass=file
type=AVC msg=audit(09/04/2025 05:57:29.253:28511) : avc:  denied  { write open } for  pid=79588 comm=massif-amd64-li path=/root/NM-ci/.tmp/massif.1111803003 dev="vda1" ino=4449619 scontext=system_u:system_r:NetworkManager_t:s0 tcontext=system_u:object_r:admin_home_t:s0 tclass=file
type=AVC msg=audit(09/04/2025 05:57:29.253:28509) : avc:  denied  { add_name } for  pid=79588 comm=massif-amd64-li name=massif.1111803003 scontext=system_u:system_r:NetworkManager_t:s0 tcontext=unconfined_u:object_r:admin_home_t:s0 tclass=dir
type=AVC msg=audit(09/04/2025 11:11:29.099:20174) : avc:  denied  { write } for  pid=133718 comm=massif-amd64-li name=.tmp dev="xvda2" ino=79724099 scontext=system_u:system_r:NetworkManager_t:s0 tcontext=unconfined_u:object_r:admin_home_t:s0 tclass=dir
----
type=AVC msg=audit(09/05/2025 10:04:48.728:19902) : avc:  denied  { create } for  pid=159622 comm=debuginfod-find name=cache_clean_interval_s scontext=system_u:system_r:NetworkManager_t:s0 tcontext=system_u:object_r:cache_home_t:s0 tclass=file
type=AVC msg=audit(09/04/2025 14:14:38.262:19897) : avc:  denied  { write } for  pid=158865 comm=debuginfod-find path=/root/.cache/debuginfod_client/cache_clean_interval_s dev="xvda3" ino=54764725 scontext=system_u:system_r:NetworkManager_t:s0 tcontext=system_u:object_r:cache_home_t:s0 tclass=file
type=AVC msg=audit(09/04/2025 14:14:38.408:19898) : avc:  denied  { setattr } for  pid=158865 comm=debuginfod-find name=debuginfo.FIab1G dev="xvda3" ino=58732161 scontext=system_u:system_r:NetworkManager_t:s0 tcontext=system_u:object_r:cache_home_t:s0 tclass=file
type=AVC msg=audit(09/04/2025 14:14:38.408:19899) : avc:  denied  { unlink } for  pid=158865 comm=debuginfod-find name=debuginfo dev="xvda3" ino=58732162 scontext=system_u:system_r:NetworkManager_t:s0 tcontext=system_u:object_r:cache_home_t:s0 tclass=file
type=AVC msg=audit(09/04/2025 14:14:38.408:19899) : avc:  denied  { rename } for  pid=158865 comm=debuginfod-find name=debuginfo.FIab1G dev="xvda3" ino=58732161 scontext=system_u:system_r:NetworkManager_t:s0 tcontext=system_u:object_r:cache_home_t:s0 tclass=file
type=AVC msg=audit(09/04/2025 14:14:38.262:19895) : avc:  denied  { create } for  pid=158865 comm=debuginfod-find name=debuginfod_client scontext=system_u:system_r:NetworkManager_t:s0 tcontext=system_u:object_r:cache_home_t:s0 tclass=dir
type=AVC msg=audit(09/04/2025 14:14:38.262:19895) : avc:  denied  { write } for  pid=158865 comm=debuginfod-find name=.cache dev="xvda3" ino=92424975 scontext=system_u:system_r:NetworkManager_t:s0 tcontext=unconfined_u:object_r:cache_home_t:s0 tclass=dir
type=AVC msg=audit(09/04/2025 14:14:38.262:19895) : avc:  denied  { add_name } for  pid=158865 comm=debuginfod-find name=debuginfod_client scontext=system_u:system_r:NetworkManager_t:s0 tcontext=unconfined_u:object_r:cache_home_t:s0 tclass=dir
type=AVC msg=audit(09/04/2025 14:14:38.408:19899) : avc:  denied  { remove_name } for  pid=158865 comm=debuginfod-find name=debuginfo.FIab1G dev="xvda3" ino=58732161 scontext=system_u:system_r:NetworkManager_t:s0 tcontext=system_u:object_r:cache_home_t:s0 tclass=dir
type=AVC msg=audit(09/05/2025 08:26:26.350:19856) : avc:  denied  { create } for  pid=158490 comm=debuginfod-find name=cache_clean_interval_s scontext=system_u:system_r:NetworkManager_t:s0 tcontext=system_u:object_r:cache_home_t:s0 tclass=fifo_file
----